<?xml version="1.0" encoding="UTF-8"?>
<!-- Generated by org.testng.reporters.JUnitXMLReporter -->
<testsuite hostname="study-PC" name="Regression suite 1" tests="2" failures="0" timestamp="17 Jan 2018 04:20:32 GMT" time="4.827" errors="0">
  <testcase name="@BeforeMethod setUp" time="0.0" classname="clinchPageTest.clinchLoginTest">
    <failure type="java.lang.NullPointerException" message="null value in entry: url=null">
      <![CDATA[java.lang.NullPointerException: null value in entry: url=null
	at com.google.common.collect.CollectPreconditions.checkEntryNotNull(CollectPreconditions.java:34)
	at com.google.common.collect.SingletonImmutableBiMap.<init>(SingletonImmutableBiMap.java:42)
	at com.google.common.collect.ImmutableBiMap.of(ImmutableBiMap.java:73)
	at com.google.common.collect.ImmutableMap.of(ImmutableMap.java:123)
	at org.openqa.selenium.remote.RemoteWebDriver.get(RemoteWebDriver.java:324)
	at clinchPageTest.clinchLoginTest.setUp(clinchLoginTest.java:28)
... Removed 26 stack frames]]>
    </failure>
  </testcase> <!-- @BeforeMethod setUp -->
  <testcase name="@AfterMethod closeBrowser" time="0.0" classname="clinchPageTest.clinchLoginTest">
    <skipped/>
  </testcase> <!-- @AfterMethod closeBrowser -->
  <testcase name="@BeforeMethod setUp" time="0.0" classname="clinchPageTest.clinchLoginTest">
    <skipped/>
  </testcase> <!-- @BeforeMethod setUp -->
  <testcase name="@AfterMethod closeBrowser" time="0.0" classname="clinchPageTest.clinchLoginTest">
    <skipped/>
  </testcase> <!-- @AfterMethod closeBrowser -->
  <testcase name="loginPageTitleTest" time="0.0" classname="clinchPageTest.clinchLoginTest">
    <skipped/>
  </testcase> <!-- loginPageTitleTest -->
  <testcase name="signinToClinchTest" time="0.0" classname="clinchPageTest.clinchLoginTest">
    <skipped/>
  </testcase> <!-- signinToClinchTest -->
</testsuite> <!-- Regression suite 1 -->
