<?xml version="1.0" encoding="UTF-8"?>
<!-- Generated by org.testng.reporters.JUnitXMLReporter -->
<testsuite hostname="study-PC" name="Test suite 1" tests="4" failures="0" timestamp="17 Jan 2018 05:23:34 GMT" time="132.324" errors="0">
  <testcase name="loginPageTitleTest" time="0.024" classname="clinchPageTest.clinchLoginTest"/>
  <testcase name="signinToClinchTest" time="25.649" classname="clinchPageTest.clinchLoginTest"/>
  <testcase name="CreateTodoTest" time="5.021" classname="clinchPageTest.clinchMyTodoTest"/>
  <testcase name="ImportContacts" time="8.502" classname="clinchPageTest.clinchContactsTest"/>
</testsuite> <!-- Test suite 1 -->
