<?xml version="1.0" encoding="UTF-8"?>
<testng-results skipped="2" failed="0" total="2" passed="0">
  <reporter-output>
  </reporter-output>
  <suite name="Default suite" duration-ms="60343" started-at="2018-02-27T16:43:05Z" finished-at="2018-02-27T16:44:05Z">
    <groups>
    </groups>
    <test name="Default test" duration-ms="60343" started-at="2018-02-27T16:43:05Z" finished-at="2018-02-27T16:44:05Z">
      <class name="clinchPageTest.clinchLoginTest">
        <test-method status="FAIL" signature="setUp()[pri:0, instance:clinchPageTest.clinchLoginTest@7cd62f43]" name="setUp" is-config="true" duration-ms="0" started-at="2018-02-27T22:13:05Z" finished-at="2018-02-27T22:13:05Z">
          <exception class="org.openqa.selenium.WebDriverException">
            <message>
              <![CDATA[Process unexpectedly closed with status: 0
Build info: version: 'unknown', revision: 'unknown', time: 'unknown'
System info: host: 'STUDY-PC', ip: '192.168.43.193', os.name: 'Windows 7', os.arch: 'amd64', os.version: '6.1', java.version: '1.8.0_121'
Driver info: driver.version: FirefoxDriver
remote stacktrace: stack backtrace:
   0:           0x4821c4 - <no info>
   1:           0x482933 - <no info>
   2:           0x445159 - <no info>
   3:           0x44c838 - <no info>
   4:           0x43026a - <no info>
   5:           0x40ba4e - <no info>
   6:           0x4119b9 - <no info>
   7:           0x6d2c89 - <no info>
   8:           0x426006 - <no info>
   9:           0x6cd490 - <no info>
  10:         0x76de59cd - BaseThreadInitThunk]]>
            </message>
            <full-stacktrace>
              <![CDATA[org.openqa.selenium.WebDriverException: Process unexpectedly closed with status: 0
Build info: version: 'unknown', revision: 'unknown', time: 'unknown'
System info: host: 'STUDY-PC', ip: '192.168.43.193', os.name: 'Windows 7', os.arch: 'amd64', os.version: '6.1', java.version: '1.8.0_121'
Driver info: driver.version: FirefoxDriver
remote stacktrace: stack backtrace:
   0:           0x4821c4 - <no info>
   1:           0x482933 - <no info>
   2:           0x445159 - <no info>
   3:           0x44c838 - <no info>
   4:           0x43026a - <no info>
   5:           0x40ba4e - <no info>
   6:           0x4119b9 - <no info>
   7:           0x6d2c89 - <no info>
   8:           0x426006 - <no info>
   9:           0x6cd490 - <no info>
  10:         0x76de59cd - BaseThreadInitThunk
	at sun.reflect.NativeConstructorAccessorImpl.newInstance0(Native Method)
	at sun.reflect.NativeConstructorAccessorImpl.newInstance(NativeConstructorAccessorImpl.java:62)
	at sun.reflect.DelegatingConstructorAccessorImpl.newInstance(DelegatingConstructorAccessorImpl.java:45)
	at java.lang.reflect.Constructor.newInstance(Constructor.java:423)
	at org.openqa.selenium.remote.W3CHandshakeResponse.lambda$new$0(W3CHandshakeResponse.java:57)
	at org.openqa.selenium.remote.W3CHandshakeResponse.lambda$getResponseFunction$2(W3CHandshakeResponse.java:104)
	at org.openqa.selenium.remote.ProtocolHandshake.lambda$createSession$22(ProtocolHandshake.java:365)
	at java.util.stream.ReferencePipeline$3$1.accept(ReferencePipeline.java:193)
	at java.util.Spliterators$ArraySpliterator.tryAdvance(Spliterators.java:958)
	at java.util.stream.ReferencePipeline.forEachWithCancel(ReferencePipeline.java:126)
	at java.util.stream.AbstractPipeline.copyIntoWithCancel(AbstractPipeline.java:498)
	at java.util.stream.AbstractPipeline.copyInto(AbstractPipeline.java:485)
	at java.util.stream.AbstractPipeline.wrapAndCopyInto(AbstractPipeline.java:471)
	at java.util.stream.FindOps$FindOp.evaluateSequential(FindOps.java:152)
	at java.util.stream.AbstractPipeline.evaluate(AbstractPipeline.java:234)
	at java.util.stream.ReferencePipeline.findFirst(ReferencePipeline.java:464)
	at org.openqa.selenium.remote.ProtocolHandshake.createSession(ProtocolHandshake.java:368)
	at org.openqa.selenium.remote.ProtocolHandshake.createSession(ProtocolHandshake.java:159)
	at org.openqa.selenium.remote.HttpCommandExecutor.execute(HttpCommandExecutor.java:142)
	at org.openqa.selenium.remote.service.DriverCommandExecutor.execute(DriverCommandExecutor.java:82)
	at org.openqa.selenium.remote.RemoteWebDriver.execute(RemoteWebDriver.java:637)
	at org.openqa.selenium.remote.RemoteWebDriver.startSession(RemoteWebDriver.java:250)
	at org.openqa.selenium.remote.RemoteWebDriver.startSession(RemoteWebDriver.java:236)
	at org.openqa.selenium.remote.RemoteWebDriver.<init>(RemoteWebDriver.java:137)
	at org.openqa.selenium.firefox.FirefoxDriver.<init>(FirefoxDriver.java:191)
	at org.openqa.selenium.firefox.FirefoxDriver.<init>(FirefoxDriver.java:108)
	at org.openqa.selenium.firefox.FirefoxDriver.<init>(FirefoxDriver.java:104)
	at qa.base.clinchBase.initBrowser(clinchBase.java:49)
	at clinchPageTest.clinchLoginTest.setUp(clinchLoginTest.java:32)
	at sun.reflect.NativeMethodAccessorImpl.invoke0(Native Method)
	at sun.reflect.NativeMethodAccessorImpl.invoke(NativeMethodAccessorImpl.java:62)
	at sun.reflect.DelegatingMethodAccessorImpl.invoke(DelegatingMethodAccessorImpl.java:43)
	at java.lang.reflect.Method.invoke(Method.java:498)
	at org.testng.internal.MethodInvocationHelper.invokeMethod(MethodInvocationHelper.java:80)
	at org.testng.internal.Invoker.invokeConfigurationMethod(Invoker.java:564)
	at org.testng.internal.Invoker.invokeConfigurations(Invoker.java:213)
	at org.testng.internal.Invoker.invokeMethod(Invoker.java:653)
	at org.testng.internal.Invoker.invokeTestMethod(Invoker.java:901)
	at org.testng.internal.Invoker.invokeTestMethods(Invoker.java:1231)
	at org.testng.internal.TestMethodWorker.invokeTestMethods(TestMethodWorker.java:127)
	at org.testng.internal.TestMethodWorker.run(TestMethodWorker.java:111)
	at org.testng.TestRunner.privateRun(TestRunner.java:767)
	at org.testng.TestRunner.run(TestRunner.java:617)
	at org.testng.SuiteRunner.runTest(SuiteRunner.java:334)
	at org.testng.SuiteRunner.runSequentially(SuiteRunner.java:329)
	at org.testng.SuiteRunner.privateRun(SuiteRunner.java:291)
	at org.testng.SuiteRunner.run(SuiteRunner.java:240)
	at org.testng.SuiteRunnerWorker.runSuite(SuiteRunnerWorker.java:52)
	at org.testng.SuiteRunnerWorker.run(SuiteRunnerWorker.java:86)
	at org.testng.TestNG.runSuitesSequentially(TestNG.java:1198)
	at org.testng.TestNG.runSuitesLocally(TestNG.java:1123)
	at org.testng.TestNG.run(TestNG.java:1031)
	at org.testng.remote.AbstractRemoteTestNG.run(AbstractRemoteTestNG.java:114)
	at org.testng.remote.RemoteTestNG.initAndRun(RemoteTestNG.java:251)
	at org.testng.remote.RemoteTestNG.main(RemoteTestNG.java:77)
]]>
            </full-stacktrace>
          </exception> <!-- org.openqa.selenium.WebDriverException -->
          <reporter-output>
          </reporter-output>
        </test-method> <!-- setUp -->
        <test-method status="SKIP" signature="loginPageTitleTest()[pri:0, instance:clinchPageTest.clinchLoginTest@7cd62f43]" name="loginPageTitleTest" duration-ms="2" started-at="2018-02-27T22:14:05Z" finished-at="2018-02-27T22:14:05Z">
          <reporter-output>
          </reporter-output>
        </test-method> <!-- loginPageTitleTest -->
        <test-method status="SKIP" signature="closeBrowser()[pri:0, instance:clinchPageTest.clinchLoginTest@7cd62f43]" name="closeBrowser" is-config="true" duration-ms="0" started-at="2018-02-27T22:14:05Z" finished-at="2018-02-27T22:14:05Z">
          <reporter-output>
          </reporter-output>
        </test-method> <!-- closeBrowser -->
        <test-method status="SKIP" signature="signinToClinchTest()[pri:0, instance:clinchPageTest.clinchLoginTest@7cd62f43]" name="signinToClinchTest" duration-ms="1" started-at="2018-02-27T22:14:05Z" finished-at="2018-02-27T22:14:05Z">
          <reporter-output>
          </reporter-output>
        </test-method> <!-- signinToClinchTest -->
        <test-method status="SKIP" signature="setUp()[pri:0, instance:clinchPageTest.clinchLoginTest@7cd62f43]" name="setUp" is-config="true" duration-ms="0" started-at="2018-02-27T22:14:05Z" finished-at="2018-02-27T22:14:05Z">
          <reporter-output>
          </reporter-output>
        </test-method> <!-- setUp -->
        <test-method status="SKIP" signature="closeBrowser()[pri:0, instance:clinchPageTest.clinchLoginTest@7cd62f43]" name="closeBrowser" is-config="true" duration-ms="0" started-at="2018-02-27T22:14:05Z" finished-at="2018-02-27T22:14:05Z">
          <reporter-output>
          </reporter-output>
        </test-method> <!-- closeBrowser -->
      </class> <!-- clinchPageTest.clinchLoginTest -->
    </test> <!-- Default test -->
  </suite> <!-- Default suite -->
</testng-results>
